Archiving 
	to D:\Tools Sonic Audio Modding\Github Repository Sonic\GenerationsBR\Work In Progress\Work\bb3\sega_logo_us.veg
Copied C:\Users\Caio\Desktop\00000 [1].sfk
	to D:\Tools Sonic Audio Modding\Github Repository Sonic\GenerationsBR\Work In Progress\Work\bb3\00000 [1].sfk
Copied C:\Users\Caio\Desktop\00000 [1].wav
	to D:\Tools Sonic Audio Modding\Github Repository Sonic\GenerationsBR\Work In Progress\Work\bb3\00000 [1].wav
Copied C:\Users\Caio\Desktop\SEGA.png
	to D:\Tools Sonic Audio Modding\Github Repository Sonic\GenerationsBR\Work In Progress\Work\bb3\SEGA.png
Copied C:\Users\Caio\Desktop\sonicteam_logo_4k_40534641 [1].sfk
	to D:\Tools Sonic Audio Modding\Github Repository Sonic\GenerationsBR\Work In Progress\Work\bb3\sonicteam_logo_4k_40534641 [1].sfk
Copied C:\Users\Caio\Desktop\sonicteam_logo_4k_40534641 [1].wav
	to D:\Tools Sonic Audio Modding\Github Repository Sonic\GenerationsBR\Work In Progress\Work\bb3\sonicteam_logo_4k_40534641 [1].wav
Copied C:\Users\Caio\Desktop\sonicteam_logo_4k_40534656.mp4
	to D:\Tools Sonic Audio Modding\Github Repository Sonic\GenerationsBR\Work In Progress\Work\bb3\sonicteam_logo_4k_40534656.mp4
Copied C:\Users\Caio\Desktop\sonicteam_logo_4k_40534656.mp4.sfk
	to D:\Tools Sonic Audio Modding\Github Repository Sonic\GenerationsBR\Work In Progress\Work\bb3\sonicteam_logo_4k_40534656.mp4.sfk
Saved project 
	to D:\Tools Sonic Audio Modding\Github Repository Sonic\GenerationsBR\Work In Progress\Work\bb3\sega_logo_us.veg
Removed unused media from the project:
    removed D:\Tools Sonic Audio Modding\Sonic Team Animation 2022 Only 60 FPS.mp4
Archiving complete.
